<?xml version="1.0" encoding="UTF-8"?>
<testng-results total="2" passed="2" failed="0" skipped="0">
  <reporter-output>
  </reporter-output>
  <suite started-at="2022-01-22T11:34:00Z" name="chapter02.PersistenceTest" finished-at="2022-01-22T11:34:01Z" duration-ms="1362">
    <groups>
    </groups>
    <test started-at="2022-01-22T11:34:00Z" name="Command line test" finished-at="2022-01-22T11:34:01Z" duration-ms="1362">
      <class name="chapter02.PersistenceTest">
        <test-method is-config="true" signature="setup()[pri:0, instance:chapter02.PersistenceTest@2f943d71]" started-at="2022-01-22T12:34:00Z" name="setup" finished-at="2022-01-22T12:34:01Z" duration-ms="1231" status="PASS">
          <reporter-output>
          </reporter-output>
        </test-method> <!-- setup -->
        <test-method signature="saveMessage()[pri:0, instance:chapter02.PersistenceTest@2f943d71]" started-at="2022-01-22T12:34:01Z" name="saveMessage" finished-at="2022-01-22T12:34:01Z" duration-ms="64" status="PASS">
          <reporter-output>
          </reporter-output>
        </test-method> <!-- saveMessage -->
        <test-method signature="readMessage()[pri:0, instance:chapter02.PersistenceTest@2f943d71]" started-at="2022-01-22T12:34:01Z" name="readMessage" finished-at="2022-01-22T12:34:01Z" depends-on-methods="chapter02.PersistenceTest.saveMessage" duration-ms="63" status="PASS">
          <reporter-output>
          </reporter-output>
        </test-method> <!-- readMessage -->
      </class> <!-- chapter02.PersistenceTest -->
    </test> <!-- Command line test -->
  </suite> <!-- chapter02.PersistenceTest -->
</testng-results>
